  Classika.cpp
C:\Users\kondr\source\repos\Radio_OOP_Kursovay\DLL\Program.h(18,9): warning C4251: Program::Name: class "std::basic_string<char,std::char_traits<char>,std::allocator<char>>" должен иметь dll-интерфейс для использования клиентами class "Program"
C:\Program Files (x86)\Microsoft Visual Studio\2019\Community\VC\Tools\MSVC\14.29.30133\include\xstring(4905): message : см. объявление "std::basic_string<char,std::char_traits<char>,std::allocator<char>>"
C:\Users\kondr\source\repos\Radio_OOP_Kursovay\DLL\Program.h(19,9): warning C4251: Program::Vedushi: class "std::basic_string<char,std::char_traits<char>,std::allocator<char>>" должен иметь dll-интерфейс для использования клиентами class "Program"
C:\Program Files (x86)\Microsoft Visual Studio\2019\Community\VC\Tools\MSVC\14.29.30133\include\xstring(4905): message : см. объявление "std::basic_string<char,std::char_traits<char>,std::allocator<char>>"
C:\Users\kondr\source\repos\Radio_OOP_Kursovay\DLL\Program.h(20,9): warning C4251: Program::Reiting: class "std::basic_string<char,std::char_traits<char>,std::allocator<char>>" должен иметь dll-интерфейс для использования клиентами class "Program"
C:\Program Files (x86)\Microsoft Visual Studio\2019\Community\VC\Tools\MSVC\14.29.30133\include\xstring(4905): message : см. объявление "std::basic_string<char,std::char_traits<char>,std::allocator<char>>"
C:\Users\kondr\source\repos\Radio_OOP_Kursovay\DLL\Program.h(21,33): warning C4251: Program::Rasspisanie: class "std::map<std::string,std::vector<std::string,std::allocator<std::string>>,std::less<std::string>,std::allocator<std::pair<const std::string,std::vector<std::string,std::allocator<std::string>>>>>" должен иметь dll-интерфейс для использования клиентами class "Program"
C:\Users\kondr\source\repos\Radio_OOP_Kursovay\DLL\Program.h(21): message : см. объявление "std::map<std::string,std::vector<std::string,std::allocator<std::string>>,std::less<std::string>,std::allocator<std::pair<const std::string,std::vector<std::string,std::allocator<std::string>>>>>"
C:\Users\kondr\source\repos\Radio_OOP_Kursovay\DLL\Classika.h(5,9): warning C4251: Classika::Name: class "std::basic_string<char,std::char_traits<char>,std::allocator<char>>" должен иметь dll-интерфейс для использования клиентами class "Classika"
C:\Program Files (x86)\Microsoft Visual Studio\2019\Community\VC\Tools\MSVC\14.29.30133\include\xstring(4905): message : см. объявление "std::basic_string<char,std::char_traits<char>,std::allocator<char>>"
C:\Users\kondr\source\repos\Radio_OOP_Kursovay\DLL\Classika.h(6,9): warning C4251: Classika::Vedushi: class "std::basic_string<char,std::char_traits<char>,std::allocator<char>>" должен иметь dll-интерфейс для использования клиентами class "Classika"
C:\Program Files (x86)\Microsoft Visual Studio\2019\Community\VC\Tools\MSVC\14.29.30133\include\xstring(4905): message : см. объявление "std::basic_string<char,std::char_traits<char>,std::allocator<char>>"
C:\Users\kondr\source\repos\Radio_OOP_Kursovay\DLL\Classika.h(7,9): warning C4251: Classika::Reiting: class "std::basic_string<char,std::char_traits<char>,std::allocator<char>>" должен иметь dll-интерфейс для использования клиентами class "Classika"
C:\Program Files (x86)\Microsoft Visual Studio\2019\Community\VC\Tools\MSVC\14.29.30133\include\xstring(4905): message : см. объявление "std::basic_string<char,std::char_traits<char>,std::allocator<char>>"
C:\Users\kondr\source\repos\Radio_OOP_Kursovay\DLL\Classika.h(8,33): warning C4251: Classika::Rasspisanie: class "std::map<std::string,std::vector<std::string,std::allocator<std::string>>,std::less<std::string>,std::allocator<std::pair<const std::string,std::vector<std::string,std::allocator<std::string>>>>>" должен иметь dll-интерфейс для использования клиентами class "Classika"
C:\Users\kondr\source\repos\Radio_OOP_Kursovay\DLL\Program.h(21): message : см. объявление "std::map<std::string,std::vector<std::string,std::allocator<std::string>>,std::less<std::string>,std::allocator<std::pair<const std::string,std::vector<std::string,std::allocator<std::string>>>>>"
  DB.cpp
C:\Users\kondr\source\repos\Radio_OOP_Kursovay\DLL\Program.h(18,9): warning C4251: Program::Name: class "std::basic_string<char,std::char_traits<char>,std::allocator<char>>" должен иметь dll-интерфейс для использования клиентами class "Program"
C:\Program Files (x86)\Microsoft Visual Studio\2019\Community\VC\Tools\MSVC\14.29.30133\include\xstring(4905): message : см. объявление "std::basic_string<char,std::char_traits<char>,std::allocator<char>>"
C:\Users\kondr\source\repos\Radio_OOP_Kursovay\DLL\Program.h(19,9): warning C4251: Program::Vedushi: class "std::basic_string<char,std::char_traits<char>,std::allocator<char>>" должен иметь dll-интерфейс для использования клиентами class "Program"
C:\Program Files (x86)\Microsoft Visual Studio\2019\Community\VC\Tools\MSVC\14.29.30133\include\xstring(4905): message : см. объявление "std::basic_string<char,std::char_traits<char>,std::allocator<char>>"
C:\Users\kondr\source\repos\Radio_OOP_Kursovay\DLL\Program.h(20,9): warning C4251: Program::Reiting: class "std::basic_string<char,std::char_traits<char>,std::allocator<char>>" должен иметь dll-интерфейс для использования клиентами class "Program"
C:\Program Files (x86)\Microsoft Visual Studio\2019\Community\VC\Tools\MSVC\14.29.30133\include\xstring(4905): message : см. объявление "std::basic_string<char,std::char_traits<char>,std::allocator<char>>"
C:\Users\kondr\source\repos\Radio_OOP_Kursovay\DLL\Program.h(21,33): warning C4251: Program::Rasspisanie: class "std::map<std::string,std::vector<std::string,std::allocator<std::string>>,std::less<std::string>,std::allocator<std::pair<const std::string,std::vector<std::string,std::allocator<std::string>>>>>" должен иметь dll-интерфейс для использования клиентами class "Program"
C:\Users\kondr\source\repos\Radio_OOP_Kursovay\DLL\Program.h(21): message : см. объявление "std::map<std::string,std::vector<std::string,std::allocator<std::string>>,std::less<std::string>,std::allocator<std::pair<const std::string,std::vector<std::string,std::allocator<std::string>>>>>"
C:\Users\kondr\source\repos\Radio_OOP_Kursovay\DLL\Podimniki.h(5,9): warning C4251: Podimniki::Name: class "std::basic_string<char,std::char_traits<char>,std::allocator<char>>" должен иметь dll-интерфейс для использования клиентами class "Podimniki"
C:\Program Files (x86)\Microsoft Visual Studio\2019\Community\VC\Tools\MSVC\14.29.30133\include\xstring(4905): message : см. объявление "std::basic_string<char,std::char_traits<char>,std::allocator<char>>"
C:\Users\kondr\source\repos\Radio_OOP_Kursovay\DLL\Podimniki.h(6,9): warning C4251: Podimniki::Vedushi: class "std::basic_string<char,std::char_traits<char>,std::allocator<char>>" должен иметь dll-интерфейс для использования клиентами class "Podimniki"
C:\Program Files (x86)\Microsoft Visual Studio\2019\Community\VC\Tools\MSVC\14.29.30133\include\xstring(4905): message : см. объявление "std::basic_string<char,std::char_traits<char>,std::allocator<char>>"
C:\Users\kondr\source\repos\Radio_OOP_Kursovay\DLL\Podimniki.h(7,9): warning C4251: Podimniki::Reiting: class "std::basic_string<char,std::char_traits<char>,std::allocator<char>>" должен иметь dll-интерфейс для использования клиентами class "Podimniki"
C:\Program Files (x86)\Microsoft Visual Studio\2019\Community\VC\Tools\MSVC\14.29.30133\include\xstring(4905): message : см. объявление "std::basic_string<char,std::char_traits<char>,std::allocator<char>>"
C:\Users\kondr\source\repos\Radio_OOP_Kursovay\DLL\Podimniki.h(8,33): warning C4251: Podimniki::Rasspisanie: class "std::map<std::string,std::vector<std::string,std::allocator<std::string>>,std::less<std::string>,std::allocator<std::pair<const std::string,std::vector<std::string,std::allocator<std::string>>>>>" должен иметь dll-интерфейс для использования клиентами class "Podimniki"
C:\Users\kondr\source\repos\Radio_OOP_Kursovay\DLL\Program.h(21): message : см. объявление "std::map<std::string,std::vector<std::string,std::allocator<std::string>>,std::less<std::string>,std::allocator<std::pair<const std::string,std::vector<std::string,std::allocator<std::string>>>>>"
C:\Users\kondr\source\repos\Radio_OOP_Kursovay\DLL\Classika.h(5,9): warning C4251: Classika::Name: class "std::basic_string<char,std::char_traits<char>,std::allocator<char>>" должен иметь dll-интерфейс для использования клиентами class "Classika"
C:\Program Files (x86)\Microsoft Visual Studio\2019\Community\VC\Tools\MSVC\14.29.30133\include\xstring(4905): message : см. объявление "std::basic_string<char,std::char_traits<char>,std::allocator<char>>"
C:\Users\kondr\source\repos\Radio_OOP_Kursovay\DLL\Classika.h(6,9): warning C4251: Classika::Vedushi: class "std::basic_string<char,std::char_traits<char>,std::allocator<char>>" должен иметь dll-интерфейс для использования клиентами class "Classika"
C:\Program Files (x86)\Microsoft Visual Studio\2019\Community\VC\Tools\MSVC\14.29.30133\include\xstring(4905): message : см. объявление "std::basic_string<char,std::char_traits<char>,std::allocator<char>>"
C:\Users\kondr\source\repos\Radio_OOP_Kursovay\DLL\Classika.h(7,9): warning C4251: Classika::Reiting: class "std::basic_string<char,std::char_traits<char>,std::allocator<char>>" должен иметь dll-интерфейс для использования клиентами class "Classika"
C:\Program Files (x86)\Microsoft Visual Studio\2019\Community\VC\Tools\MSVC\14.29.30133\include\xstring(4905): message : см. объявление "std::basic_string<char,std::char_traits<char>,std::allocator<char>>"
C:\Users\kondr\source\repos\Radio_OOP_Kursovay\DLL\Classika.h(8,33): warning C4251: Classika::Rasspisanie: class "std::map<std::string,std::vector<std::string,std::allocator<std::string>>,std::less<std::string>,std::allocator<std::pair<const std::string,std::vector<std::string,std::allocator<std::string>>>>>" должен иметь dll-интерфейс для использования клиентами class "Classika"
C:\Users\kondr\source\repos\Radio_OOP_Kursovay\DLL\Program.h(21): message : см. объявление "std::map<std::string,std::vector<std::string,std::allocator<std::string>>,std::less<std::string>,std::allocator<std::pair<const std::string,std::vector<std::string,std::allocator<std::string>>>>>"
C:\Users\kondr\source\repos\Radio_OOP_Kursovay\DLL\Kniga.h(5,9): warning C4251: Kniga::Name: class "std::basic_string<char,std::char_traits<char>,std::allocator<char>>" должен иметь dll-интерфейс для использования клиентами class "Kniga"
C:\Program Files (x86)\Microsoft Visual Studio\2019\Community\VC\Tools\MSVC\14.29.30133\include\xstring(4905): message : см. объявление "std::basic_string<char,std::char_traits<char>,std::allocator<char>>"
C:\Users\kondr\source\repos\Radio_OOP_Kursovay\DLL\Kniga.h(6,9): warning C4251: Kniga::Vedushi: class "std::basic_string<char,std::char_traits<char>,std::allocator<char>>" должен иметь dll-интерфейс для использования клиентами class "Kniga"
C:\Program Files (x86)\Microsoft Visual Studio\2019\Community\VC\Tools\MSVC\14.29.30133\include\xstring(4905): message : см. объявление "std::basic_string<char,std::char_traits<char>,std::allocator<char>>"
C:\Users\kondr\source\repos\Radio_OOP_Kursovay\DLL\Kniga.h(7,9): warning C4251: Kniga::Reiting: class "std::basic_string<char,std::char_traits<char>,std::allocator<char>>" должен иметь dll-интерфейс для использования клиентами class "Kniga"
C:\Program Files (x86)\Microsoft Visual Studio\2019\Community\VC\Tools\MSVC\14.29.30133\include\xstring(4905): message : см. объявление "std::basic_string<char,std::char_traits<char>,std::allocator<char>>"
C:\Users\kondr\source\repos\Radio_OOP_Kursovay\DLL\Kniga.h(8,33): warning C4251: Kniga::Rasspisanie: class "std::map<std::string,std::vector<std::string,std::allocator<std::string>>,std::less<std::string>,std::allocator<std::pair<const std::string,std::vector<std::string,std::allocator<std::string>>>>>" должен иметь dll-интерфейс для использования клиентами class "Kniga"
C:\Users\kondr\source\repos\Radio_OOP_Kursovay\DLL\Program.h(21): message : см. объявление "std::map<std::string,std::vector<std::string,std::allocator<std::string>>,std::less<std::string>,std::allocator<std::pair<const std::string,std::vector<std::string,std::allocator<std::string>>>>>"
C:\Users\kondr\source\repos\Radio_OOP_Kursovay\DLL\Music.h(5,9): warning C4251: Music::Name: class "std::basic_string<char,std::char_traits<char>,std::allocator<char>>" должен иметь dll-интерфейс для использования клиентами class "Music"
C:\Program Files (x86)\Microsoft Visual Studio\2019\Community\VC\Tools\MSVC\14.29.30133\include\xstring(4905): message : см. объявление "std::basic_string<char,std::char_traits<char>,std::allocator<char>>"
C:\Users\kondr\source\repos\Radio_OOP_Kursovay\DLL\Music.h(6,9): warning C4251: Music::Vedushi: class "std::basic_string<char,std::char_traits<char>,std::allocator<char>>" должен иметь dll-интерфейс для использования клиентами class "Music"
C:\Program Files (x86)\Microsoft Visual Studio\2019\Community\VC\Tools\MSVC\14.29.30133\include\xstring(4905): message : см. объявление "std::basic_string<char,std::char_traits<char>,std::allocator<char>>"
C:\Users\kondr\source\repos\Radio_OOP_Kursovay\DLL\Music.h(7,9): warning C4251: Music::Reiting: class "std::basic_string<char,std::char_traits<char>,std::allocator<char>>" должен иметь dll-интерфейс для использования клиентами class "Music"
C:\Program Files (x86)\Microsoft Visual Studio\2019\Community\VC\Tools\MSVC\14.29.30133\include\xstring(4905): message : см. объявление "std::basic_string<char,std::char_traits<char>,std::allocator<char>>"
C:\Users\kondr\source\repos\Radio_OOP_Kursovay\DLL\Music.h(8,33): warning C4251: Music::Rasspisanie: class "std::map<std::string,std::vector<std::string,std::allocator<std::string>>,std::less<std::string>,std::allocator<std::pair<const std::string,std::vector<std::string,std::allocator<std::string>>>>>" должен иметь dll-интерфейс для использования клиентами class "Music"
C:\Users\kondr\source\repos\Radio_OOP_Kursovay\DLL\Program.h(21): message : см. объявление "std::map<std::string,std::vector<std::string,std::allocator<std::string>>,std::less<std::string>,std::allocator<std::pair<const std::string,std::vector<std::string,std::allocator<std::string>>>>>"
C:\Users\kondr\source\repos\Radio_OOP_Kursovay\DLL\Novosti.h(5,9): warning C4251: Novosti::Name: class "std::basic_string<char,std::char_traits<char>,std::allocator<char>>" должен иметь dll-интерфейс для использования клиентами class "Novosti"
C:\Program Files (x86)\Microsoft Visual Studio\2019\Community\VC\Tools\MSVC\14.29.30133\include\xstring(4905): message : см. объявление "std::basic_string<char,std::char_traits<char>,std::allocator<char>>"
C:\Users\kondr\source\repos\Radio_OOP_Kursovay\DLL\Novosti.h(6,9): warning C4251: Novosti::Vedushi: class "std::basic_string<char,std::char_traits<char>,std::allocator<char>>" должен иметь dll-интерфейс для использования клиентами class "Novosti"
C:\Program Files (x86)\Microsoft Visual Studio\2019\Community\VC\Tools\MSVC\14.29.30133\include\xstring(4905): message : см. объявление "std::basic_string<char,std::char_traits<char>,std::allocator<char>>"
C:\Users\kondr\source\repos\Radio_OOP_Kursovay\DLL\Novosti.h(7,9): warning C4251: Novosti::Reiting: class "std::basic_string<char,std::char_traits<char>,std::allocator<char>>" должен иметь dll-интерфейс для использования клиентами class "Novosti"
C:\Program Files (x86)\Microsoft Visual Studio\2019\Community\VC\Tools\MSVC\14.29.30133\include\xstring(4905): message : см. объявление "std::basic_string<char,std::char_traits<char>,std::allocator<char>>"
C:\Users\kondr\source\repos\Radio_OOP_Kursovay\DLL\Novosti.h(8,33): warning C4251: Novosti::Rasspisanie: class "std::map<std::string,std::vector<std::string,std::allocator<std::string>>,std::less<std::string>,std::allocator<std::pair<const std::string,std::vector<std::string,std::allocator<std::string>>>>>" должен иметь dll-интерфейс для использования клиентами class "Novosti"
C:\Users\kondr\source\repos\Radio_OOP_Kursovay\DLL\Program.h(21): message : см. объявление "std::map<std::string,std::vector<std::string,std::allocator<std::string>>,std::less<std::string>,std::allocator<std::pair<const std::string,std::vector<std::string,std::allocator<std::string>>>>>"
C:\Users\kondr\source\repos\Radio_OOP_Kursovay\DLL\Sport.h(5,9): warning C4251: Sport::Name: class "std::basic_string<char,std::char_traits<char>,std::allocator<char>>" должен иметь dll-интерфейс для использования клиентами class "Sport"
C:\Program Files (x86)\Microsoft Visual Studio\2019\Community\VC\Tools\MSVC\14.29.30133\include\xstring(4905): message : см. объявление "std::basic_string<char,std::char_traits<char>,std::allocator<char>>"
C:\Users\kondr\source\repos\Radio_OOP_Kursovay\DLL\Sport.h(6,9): warning C4251: Sport::Vedushi: class "std::basic_string<char,std::char_traits<char>,std::allocator<char>>" должен иметь dll-интерфейс для использования клиентами class "Sport"
C:\Program Files (x86)\Microsoft Visual Studio\2019\Community\VC\Tools\MSVC\14.29.30133\include\xstring(4905): message : см. объявление "std::basic_string<char,std::char_traits<char>,std::allocator<char>>"
C:\Users\kondr\source\repos\Radio_OOP_Kursovay\DLL\Sport.h(7,9): warning C4251: Sport::Reiting: class "std::basic_string<char,std::char_traits<char>,std::allocator<char>>" должен иметь dll-интерфейс для использования клиентами class "Sport"
C:\Program Files (x86)\Microsoft Visual Studio\2019\Community\VC\Tools\MSVC\14.29.30133\include\xstring(4905): message : см. объявление "std::basic_string<char,std::char_traits<char>,std::allocator<char>>"
C:\Users\kondr\source\repos\Radio_OOP_Kursovay\DLL\Sport.h(8,33): warning C4251: Sport::Rasspisanie: class "std::map<std::string,std::vector<std::string,std::allocator<std::string>>,std::less<std::string>,std::allocator<std::pair<const std::string,std::vector<std::string,std::allocator<std::string>>>>>" должен иметь dll-интерфейс для использования клиентами class "Sport"
C:\Users\kondr\source\repos\Radio_OOP_Kursovay\DLL\Program.h(21): message : см. объявление "std::map<std::string,std::vector<std::string,std::allocator<std::string>>,std::less<std::string>,std::allocator<std::pair<const std::string,std::vector<std::string,std::allocator<std::string>>>>>"
C:\Users\kondr\source\repos\Radio_OOP_Kursovay\DLL\Zvezdniyvopros.h(5,9): warning C4251: Zvezdniyvopros::Name: class "std::basic_string<char,std::char_traits<char>,std::allocator<char>>" должен иметь dll-интерфейс для использования клиентами class "Zvezdniyvopros"
C:\Program Files (x86)\Microsoft Visual Studio\2019\Community\VC\Tools\MSVC\14.29.30133\include\xstring(4905): message : см. объявление "std::basic_string<char,std::char_traits<char>,std::allocator<char>>"
C:\Users\kondr\source\repos\Radio_OOP_Kursovay\DLL\Zvezdniyvopros.h(6,9): warning C4251: Zvezdniyvopros::Vedushi: class "std::basic_string<char,std::char_traits<char>,std::allocator<char>>" должен иметь dll-интерфейс для использования клиентами class "Zvezdniyvopros"
C:\Program Files (x86)\Microsoft Visual Studio\2019\Community\VC\Tools\MSVC\14.29.30133\include\xstring(4905): message : см. объявление "std::basic_string<char,std::char_traits<char>,std::allocator<char>>"
C:\Users\kondr\source\repos\Radio_OOP_Kursovay\DLL\Zvezdniyvopros.h(7,9): warning C4251: Zvezdniyvopros::Reiting: class "std::basic_string<char,std::char_traits<char>,std::allocator<char>>" должен иметь dll-интерфейс для использования клиентами class "Zvezdniyvopros"
C:\Program Files (x86)\Microsoft Visual Studio\2019\Community\VC\Tools\MSVC\14.29.30133\include\xstring(4905): message : см. объявление "std::basic_string<char,std::char_traits<char>,std::allocator<char>>"
C:\Users\kondr\source\repos\Radio_OOP_Kursovay\DLL\Zvezdniyvopros.h(8,33): warning C4251: Zvezdniyvopros::Rasspisanie: class "std::map<std::string,std::vector<std::string,std::allocator<std::string>>,std::less<std::string>,std::allocator<std::pair<const std::string,std::vector<std::string,std::allocator<std::string>>>>>" должен иметь dll-интерфейс для использования клиентами class "Zvezdniyvopros"
C:\Users\kondr\source\repos\Radio_OOP_Kursovay\DLL\Program.h(21): message : см. объявление "std::map<std::string,std::vector<std::string,std::allocator<std::string>>,std::less<std::string>,std::allocator<std::pair<const std::string,std::vector<std::string,std::allocator<std::string>>>>>"
C:\Users\kondr\source\repos\Radio_OOP_Kursovay\DLL\DB.h(12,19): warning C4251: DB::Vector: class "std::vector<Program *,std::allocator<Program *>>" должен иметь dll-интерфейс для использования клиентами class "DB"
C:\Users\kondr\source\repos\Radio_OOP_Kursovay\DLL\DB.h(12): message : см. объявление "std::vector<Program *,std::allocator<Program *>>"
  DLL.cpp
C:\Users\kondr\source\repos\Radio_OOP_Kursovay\DLL\Program.h(18,9): warning C4251: Program::Name: class "std::basic_string<char,std::char_traits<char>,std::allocator<char>>" должен иметь dll-интерфейс для использования клиентами class "Program"
C:\Program Files (x86)\Microsoft Visual Studio\2019\Community\VC\Tools\MSVC\14.29.30133\include\xstring(4905): message : см. объявление "std::basic_string<char,std::char_traits<char>,std::allocator<char>>"
C:\Users\kondr\source\repos\Radio_OOP_Kursovay\DLL\Program.h(19,9): warning C4251: Program::Vedushi: class "std::basic_string<char,std::char_traits<char>,std::allocator<char>>" должен иметь dll-интерфейс для использования клиентами class "Program"
C:\Program Files (x86)\Microsoft Visual Studio\2019\Community\VC\Tools\MSVC\14.29.30133\include\xstring(4905): message : см. объявление "std::basic_string<char,std::char_traits<char>,std::allocator<char>>"
C:\Users\kondr\source\repos\Radio_OOP_Kursovay\DLL\Program.h(20,9): warning C4251: Program::Reiting: class "std::basic_string<char,std::char_traits<char>,std::allocator<char>>" должен иметь dll-интерфейс для использования клиентами class "Program"
C:\Program Files (x86)\Microsoft Visual Studio\2019\Community\VC\Tools\MSVC\14.29.30133\include\xstring(4905): message : см. объявление "std::basic_string<char,std::char_traits<char>,std::allocator<char>>"
C:\Users\kondr\source\repos\Radio_OOP_Kursovay\DLL\Program.h(21,33): warning C4251: Program::Rasspisanie: class "std::map<std::string,std::vector<std::string,std::allocator<std::string>>,std::less<std::string>,std::allocator<std::pair<const std::string,std::vector<std::string,std::allocator<std::string>>>>>" должен иметь dll-интерфейс для использования клиентами class "Program"
C:\Users\kondr\source\repos\Radio_OOP_Kursovay\DLL\Program.h(21): message : см. объявление "std::map<std::string,std::vector<std::string,std::allocator<std::string>>,std::less<std::string>,std::allocator<std::pair<const std::string,std::vector<std::string,std::allocator<std::string>>>>>"
C:\Users\kondr\source\repos\Radio_OOP_Kursovay\DLL\Podimniki.h(5,9): warning C4251: Podimniki::Name: class "std::basic_string<char,std::char_traits<char>,std::allocator<char>>" должен иметь dll-интерфейс для использования клиентами class "Podimniki"
C:\Program Files (x86)\Microsoft Visual Studio\2019\Community\VC\Tools\MSVC\14.29.30133\include\xstring(4905): message : см. объявление "std::basic_string<char,std::char_traits<char>,std::allocator<char>>"
C:\Users\kondr\source\repos\Radio_OOP_Kursovay\DLL\Podimniki.h(6,9): warning C4251: Podimniki::Vedushi: class "std::basic_string<char,std::char_traits<char>,std::allocator<char>>" должен иметь dll-интерфейс для использования клиентами class "Podimniki"
C:\Program Files (x86)\Microsoft Visual Studio\2019\Community\VC\Tools\MSVC\14.29.30133\include\xstring(4905): message : см. объявление "std::basic_string<char,std::char_traits<char>,std::allocator<char>>"
C:\Users\kondr\source\repos\Radio_OOP_Kursovay\DLL\Podimniki.h(7,9): warning C4251: Podimniki::Reiting: class "std::basic_string<char,std::char_traits<char>,std::allocator<char>>" должен иметь dll-интерфейс для использования клиентами class "Podimniki"
C:\Program Files (x86)\Microsoft Visual Studio\2019\Community\VC\Tools\MSVC\14.29.30133\include\xstring(4905): message : см. объявление "std::basic_string<char,std::char_traits<char>,std::allocator<char>>"
C:\Users\kondr\source\repos\Radio_OOP_Kursovay\DLL\Podimniki.h(8,33): warning C4251: Podimniki::Rasspisanie: class "std::map<std::string,std::vector<std::string,std::allocator<std::string>>,std::less<std::string>,std::allocator<std::pair<const std::string,std::vector<std::string,std::allocator<std::string>>>>>" должен иметь dll-интерфейс для использования клиентами class "Podimniki"
C:\Users\kondr\source\repos\Radio_OOP_Kursovay\DLL\Program.h(21): message : см. объявление "std::map<std::string,std::vector<std::string,std::allocator<std::string>>,std::less<std::string>,std::allocator<std::pair<const std::string,std::vector<std::string,std::allocator<std::string>>>>>"
C:\Users\kondr\source\repos\Radio_OOP_Kursovay\DLL\Classika.h(5,9): warning C4251: Classika::Name: class "std::basic_string<char,std::char_traits<char>,std::allocator<char>>" должен иметь dll-интерфейс для использования клиентами class "Classika"
C:\Program Files (x86)\Microsoft Visual Studio\2019\Community\VC\Tools\MSVC\14.29.30133\include\xstring(4905): message : см. объявление "std::basic_string<char,std::char_traits<char>,std::allocator<char>>"
C:\Users\kondr\source\repos\Radio_OOP_Kursovay\DLL\Classika.h(6,9): warning C4251: Classika::Vedushi: class "std::basic_string<char,std::char_traits<char>,std::allocator<char>>" должен иметь dll-интерфейс для использования клиентами class "Classika"
C:\Program Files (x86)\Microsoft Visual Studio\2019\Community\VC\Tools\MSVC\14.29.30133\include\xstring(4905): message : см. объявление "std::basic_string<char,std::char_traits<char>,std::allocator<char>>"
C:\Users\kondr\source\repos\Radio_OOP_Kursovay\DLL\Classika.h(7,9): warning C4251: Classika::Reiting: class "std::basic_string<char,std::char_traits<char>,std::allocator<char>>" должен иметь dll-интерфейс для использования клиентами class "Classika"
C:\Program Files (x86)\Microsoft Visual Studio\2019\Community\VC\Tools\MSVC\14.29.30133\include\xstring(4905): message : см. объявление "std::basic_string<char,std::char_traits<char>,std::allocator<char>>"
C:\Users\kondr\source\repos\Radio_OOP_Kursovay\DLL\Classika.h(8,33): warning C4251: Classika::Rasspisanie: class "std::map<std::string,std::vector<std::string,std::allocator<std::string>>,std::less<std::string>,std::allocator<std::pair<const std::string,std::vector<std::string,std::allocator<std::string>>>>>" должен иметь dll-интерфейс для использования клиентами class "Classika"
C:\Users\kondr\source\repos\Radio_OOP_Kursovay\DLL\Program.h(21): message : см. объявление "std::map<std::string,std::vector<std::string,std::allocator<std::string>>,std::less<std::string>,std::allocator<std::pair<const std::string,std::vector<std::string,std::allocator<std::string>>>>>"
C:\Users\kondr\source\repos\Radio_OOP_Kursovay\DLL\Kniga.h(5,9): warning C4251: Kniga::Name: class "std::basic_string<char,std::char_traits<char>,std::allocator<char>>" должен иметь dll-интерфейс для использования клиентами class "Kniga"
C:\Program Files (x86)\Microsoft Visual Studio\2019\Community\VC\Tools\MSVC\14.29.30133\include\xstring(4905): message : см. объявление "std::basic_string<char,std::char_traits<char>,std::allocator<char>>"
C:\Users\kondr\source\repos\Radio_OOP_Kursovay\DLL\Kniga.h(6,9): warning C4251: Kniga::Vedushi: class "std::basic_string<char,std::char_traits<char>,std::allocator<char>>" должен иметь dll-интерфейс для использования клиентами class "Kniga"
C:\Program Files (x86)\Microsoft Visual Studio\2019\Community\VC\Tools\MSVC\14.29.30133\include\xstring(4905): message : см. объявление "std::basic_string<char,std::char_traits<char>,std::allocator<char>>"
C:\Users\kondr\source\repos\Radio_OOP_Kursovay\DLL\Kniga.h(7,9): warning C4251: Kniga::Reiting: class "std::basic_string<char,std::char_traits<char>,std::allocator<char>>" должен иметь dll-интерфейс для использования клиентами class "Kniga"
C:\Program Files (x86)\Microsoft Visual Studio\2019\Community\VC\Tools\MSVC\14.29.30133\include\xstring(4905): message : см. объявление "std::basic_string<char,std::char_traits<char>,std::allocator<char>>"
C:\Users\kondr\source\repos\Radio_OOP_Kursovay\DLL\Kniga.h(8,33): warning C4251: Kniga::Rasspisanie: class "std::map<std::string,std::vector<std::string,std::allocator<std::string>>,std::less<std::string>,std::allocator<std::pair<const std::string,std::vector<std::string,std::allocator<std::string>>>>>" должен иметь dll-интерфейс для использования клиентами class "Kniga"
C:\Users\kondr\source\repos\Radio_OOP_Kursovay\DLL\Program.h(21): message : см. объявление "std::map<std::string,std::vector<std::string,std::allocator<std::string>>,std::less<std::string>,std::allocator<std::pair<const std::string,std::vector<std::string,std::allocator<std::string>>>>>"
C:\Users\kondr\source\repos\Radio_OOP_Kursovay\DLL\Music.h(5,9): warning C4251: Music::Name: class "std::basic_string<char,std::char_traits<char>,std::allocator<char>>" должен иметь dll-интерфейс для использования клиентами class "Music"
C:\Program Files (x86)\Microsoft Visual Studio\2019\Community\VC\Tools\MSVC\14.29.30133\include\xstring(4905): message : см. объявление "std::basic_string<char,std::char_traits<char>,std::allocator<char>>"
C:\Users\kondr\source\repos\Radio_OOP_Kursovay\DLL\Music.h(6,9): warning C4251: Music::Vedushi: class "std::basic_string<char,std::char_traits<char>,std::allocator<char>>" должен иметь dll-интерфейс для использования клиентами class "Music"
C:\Program Files (x86)\Microsoft Visual Studio\2019\Community\VC\Tools\MSVC\14.29.30133\include\xstring(4905): message : см. объявление "std::basic_string<char,std::char_traits<char>,std::allocator<char>>"
C:\Users\kondr\source\repos\Radio_OOP_Kursovay\DLL\Music.h(7,9): warning C4251: Music::Reiting: class "std::basic_string<char,std::char_traits<char>,std::allocator<char>>" должен иметь dll-интерфейс для использования клиентами class "Music"
C:\Program Files (x86)\Microsoft Visual Studio\2019\Community\VC\Tools\MSVC\14.29.30133\include\xstring(4905): message : см. объявление "std::basic_string<char,std::char_traits<char>,std::allocator<char>>"
C:\Users\kondr\source\repos\Radio_OOP_Kursovay\DLL\Music.h(8,33): warning C4251: Music::Rasspisanie: class "std::map<std::string,std::vector<std::string,std::allocator<std::string>>,std::less<std::string>,std::allocator<std::pair<const std::string,std::vector<std::string,std::allocator<std::string>>>>>" должен иметь dll-интерфейс для использования клиентами class "Music"
C:\Users\kondr\source\repos\Radio_OOP_Kursovay\DLL\Program.h(21): message : см. объявление "std::map<std::string,std::vector<std::string,std::allocator<std::string>>,std::less<std::string>,std::allocator<std::pair<const std::string,std::vector<std::string,std::allocator<std::string>>>>>"
C:\Users\kondr\source\repos\Radio_OOP_Kursovay\DLL\Novosti.h(5,9): warning C4251: Novosti::Name: class "std::basic_string<char,std::char_traits<char>,std::allocator<char>>" должен иметь dll-интерфейс для использования клиентами class "Novosti"
C:\Program Files (x86)\Microsoft Visual Studio\2019\Community\VC\Tools\MSVC\14.29.30133\include\xstring(4905): message : см. объявление "std::basic_string<char,std::char_traits<char>,std::allocator<char>>"
C:\Users\kondr\source\repos\Radio_OOP_Kursovay\DLL\Novosti.h(6,9): warning C4251: Novosti::Vedushi: class "std::basic_string<char,std::char_traits<char>,std::allocator<char>>" должен иметь dll-интерфейс для использования клиентами class "Novosti"
C:\Program Files (x86)\Microsoft Visual Studio\2019\Community\VC\Tools\MSVC\14.29.30133\include\xstring(4905): message : см. объявление "std::basic_string<char,std::char_traits<char>,std::allocator<char>>"
C:\Users\kondr\source\repos\Radio_OOP_Kursovay\DLL\Novosti.h(7,9): warning C4251: Novosti::Reiting: class "std::basic_string<char,std::char_traits<char>,std::allocator<char>>" должен иметь dll-интерфейс для использования клиентами class "Novosti"
C:\Program Files (x86)\Microsoft Visual Studio\2019\Community\VC\Tools\MSVC\14.29.30133\include\xstring(4905): message : см. объявление "std::basic_string<char,std::char_traits<char>,std::allocator<char>>"
C:\Users\kondr\source\repos\Radio_OOP_Kursovay\DLL\Novosti.h(8,33): warning C4251: Novosti::Rasspisanie: class "std::map<std::string,std::vector<std::string,std::allocator<std::string>>,std::less<std::string>,std::allocator<std::pair<const std::string,std::vector<std::string,std::allocator<std::string>>>>>" должен иметь dll-интерфейс для использования клиентами class "Novosti"
C:\Users\kondr\source\repos\Radio_OOP_Kursovay\DLL\Program.h(21): message : см. объявление "std::map<std::string,std::vector<std::string,std::allocator<std::string>>,std::less<std::string>,std::allocator<std::pair<const std::string,std::vector<std::string,std::allocator<std::string>>>>>"
C:\Users\kondr\source\repos\Radio_OOP_Kursovay\DLL\Sport.h(5,9): warning C4251: Sport::Name: class "std::basic_string<char,std::char_traits<char>,std::allocator<char>>" должен иметь dll-интерфейс для использования клиентами class "Sport"
C:\Program Files (x86)\Microsoft Visual Studio\2019\Community\VC\Tools\MSVC\14.29.30133\include\xstring(4905): message : см. объявление "std::basic_string<char,std::char_traits<char>,std::allocator<char>>"
C:\Users\kondr\source\repos\Radio_OOP_Kursovay\DLL\Sport.h(6,9): warning C4251: Sport::Vedushi: class "std::basic_string<char,std::char_traits<char>,std::allocator<char>>" должен иметь dll-интерфейс для использования клиентами class "Sport"
C:\Program Files (x86)\Microsoft Visual Studio\2019\Community\VC\Tools\MSVC\14.29.30133\include\xstring(4905): message : см. объявление "std::basic_string<char,std::char_traits<char>,std::allocator<char>>"
C:\Users\kondr\source\repos\Radio_OOP_Kursovay\DLL\Sport.h(7,9): warning C4251: Sport::Reiting: class "std::basic_string<char,std::char_traits<char>,std::allocator<char>>" должен иметь dll-интерфейс для использования клиентами class "Sport"
C:\Program Files (x86)\Microsoft Visual Studio\2019\Community\VC\Tools\MSVC\14.29.30133\include\xstring(4905): message : см. объявление "std::basic_string<char,std::char_traits<char>,std::allocator<char>>"
C:\Users\kondr\source\repos\Radio_OOP_Kursovay\DLL\Sport.h(8,33): warning C4251: Sport::Rasspisanie: class "std::map<std::string,std::vector<std::string,std::allocator<std::string>>,std::less<std::string>,std::allocator<std::pair<const std::string,std::vector<std::string,std::allocator<std::string>>>>>" должен иметь dll-интерфейс для использования клиентами class "Sport"
C:\Users\kondr\source\repos\Radio_OOP_Kursovay\DLL\Program.h(21): message : см. объявление "std::map<std::string,std::vector<std::string,std::allocator<std::string>>,std::less<std::string>,std::allocator<std::pair<const std::string,std::vector<std::string,std::allocator<std::string>>>>>"
C:\Users\kondr\source\repos\Radio_OOP_Kursovay\DLL\Zvezdniyvopros.h(5,9): warning C4251: Zvezdniyvopros::Name: class "std::basic_string<char,std::char_traits<char>,std::allocator<char>>" должен иметь dll-интерфейс для использования клиентами class "Zvezdniyvopros"
C:\Program Files (x86)\Microsoft Visual Studio\2019\Community\VC\Tools\MSVC\14.29.30133\include\xstring(4905): message : см. объявление "std::basic_string<char,std::char_traits<char>,std::allocator<char>>"
C:\Users\kondr\source\repos\Radio_OOP_Kursovay\DLL\Zvezdniyvopros.h(6,9): warning C4251: Zvezdniyvopros::Vedushi: class "std::basic_string<char,std::char_traits<char>,std::allocator<char>>" должен иметь dll-интерфейс для использования клиентами class "Zvezdniyvopros"
C:\Program Files (x86)\Microsoft Visual Studio\2019\Community\VC\Tools\MSVC\14.29.30133\include\xstring(4905): message : см. объявление "std::basic_string<char,std::char_traits<char>,std::allocator<char>>"
C:\Users\kondr\source\repos\Radio_OOP_Kursovay\DLL\Zvezdniyvopros.h(7,9): warning C4251: Zvezdniyvopros::Reiting: class "std::basic_string<char,std::char_traits<char>,std::allocator<char>>" должен иметь dll-интерфейс для использования клиентами class "Zvezdniyvopros"
C:\Program Files (x86)\Microsoft Visual Studio\2019\Community\VC\Tools\MSVC\14.29.30133\include\xstring(4905): message : см. объявление "std::basic_string<char,std::char_traits<char>,std::allocator<char>>"
C:\Users\kondr\source\repos\Radio_OOP_Kursovay\DLL\Zvezdniyvopros.h(8,33): warning C4251: Zvezdniyvopros::Rasspisanie: class "std::map<std::string,std::vector<std::string,std::allocator<std::string>>,std::less<std::string>,std::allocator<std::pair<const std::string,std::vector<std::string,std::allocator<std::string>>>>>" должен иметь dll-интерфейс для использования клиентами class "Zvezdniyvopros"
C:\Users\kondr\source\repos\Radio_OOP_Kursovay\DLL\Program.h(21): message : см. объявление "std::map<std::string,std::vector<std::string,std::allocator<std::string>>,std::less<std::string>,std::allocator<std::pair<const std::string,std::vector<std::string,std::allocator<std::string>>>>>"
C:\Users\kondr\source\repos\Radio_OOP_Kursovay\DLL\DB.h(12,19): warning C4251: DB::Vector: class "std::vector<Program *,std::allocator<Program *>>" должен иметь dll-интерфейс для использования клиентами class "DB"
C:\Users\kondr\source\repos\Radio_OOP_Kursovay\DLL\DB.h(12): message : см. объявление "std::vector<Program *,std::allocator<Program *>>"
C:\Users\kondr\source\repos\Radio_OOP_Kursovay\DLL\DLL.cpp(49,39): warning C4267: return: преобразование из "size_t" в "int"; возможна потеря данных
C:\Users\kondr\source\repos\Radio_OOP_Kursovay\DLL\DLL.cpp(118,5): warning C4267: инициализация: преобразование из "size_t" в "int"; возможна потеря данных
  dllmain.cpp
  Kniga.cpp
C:\Users\kondr\source\repos\Radio_OOP_Kursovay\DLL\Program.h(18,9): warning C4251: Program::Name: class "std::basic_string<char,std::char_traits<char>,std::allocator<char>>" должен иметь dll-интерфейс для использования клиентами class "Program"
C:\Program Files (x86)\Microsoft Visual Studio\2019\Community\VC\Tools\MSVC\14.29.30133\include\xstring(4905): message : см. объявление "std::basic_string<char,std::char_traits<char>,std::allocator<char>>"
C:\Users\kondr\source\repos\Radio_OOP_Kursovay\DLL\Program.h(19,9): warning C4251: Program::Vedushi: class "std::basic_string<char,std::char_traits<char>,std::allocator<char>>" должен иметь dll-интерфейс для использования клиентами class "Program"
C:\Program Files (x86)\Microsoft Visual Studio\2019\Community\VC\Tools\MSVC\14.29.30133\include\xstring(4905): message : см. объявление "std::basic_string<char,std::char_traits<char>,std::allocator<char>>"
C:\Users\kondr\source\repos\Radio_OOP_Kursovay\DLL\Program.h(20,9): warning C4251: Program::Reiting: class "std::basic_string<char,std::char_traits<char>,std::allocator<char>>" должен иметь dll-интерфейс для использования клиентами class "Program"
C:\Program Files (x86)\Microsoft Visual Studio\2019\Community\VC\Tools\MSVC\14.29.30133\include\xstring(4905): message : см. объявление "std::basic_string<char,std::char_traits<char>,std::allocator<char>>"
C:\Users\kondr\source\repos\Radio_OOP_Kursovay\DLL\Program.h(21,33): warning C4251: Program::Rasspisanie: class "std::map<std::string,std::vector<std::string,std::allocator<std::string>>,std::less<std::string>,std::allocator<std::pair<const std::string,std::vector<std::string,std::allocator<std::string>>>>>" должен иметь dll-интерфейс для использования клиентами class "Program"
C:\Users\kondr\source\repos\Radio_OOP_Kursovay\DLL\Program.h(21): message : см. объявление "std::map<std::string,std::vector<std::string,std::allocator<std::string>>,std::less<std::string>,std::allocator<std::pair<const std::string,std::vector<std::string,std::allocator<std::string>>>>>"
C:\Users\kondr\source\repos\Radio_OOP_Kursovay\DLL\Kniga.h(5,9): warning C4251: Kniga::Name: class "std::basic_string<char,std::char_traits<char>,std::allocator<char>>" должен иметь dll-интерфейс для использования клиентами class "Kniga"
C:\Program Files (x86)\Microsoft Visual Studio\2019\Community\VC\Tools\MSVC\14.29.30133\include\xstring(4905): message : см. объявление "std::basic_string<char,std::char_traits<char>,std::allocator<char>>"
C:\Users\kondr\source\repos\Radio_OOP_Kursovay\DLL\Kniga.h(6,9): warning C4251: Kniga::Vedushi: class "std::basic_string<char,std::char_traits<char>,std::allocator<char>>" должен иметь dll-интерфейс для использования клиентами class "Kniga"
C:\Program Files (x86)\Microsoft Visual Studio\2019\Community\VC\Tools\MSVC\14.29.30133\include\xstring(4905): message : см. объявление "std::basic_string<char,std::char_traits<char>,std::allocator<char>>"
C:\Users\kondr\source\repos\Radio_OOP_Kursovay\DLL\Kniga.h(7,9): warning C4251: Kniga::Reiting: class "std::basic_string<char,std::char_traits<char>,std::allocator<char>>" должен иметь dll-интерфейс для использования клиентами class "Kniga"
C:\Program Files (x86)\Microsoft Visual Studio\2019\Community\VC\Tools\MSVC\14.29.30133\include\xstring(4905): message : см. объявление "std::basic_string<char,std::char_traits<char>,std::allocator<char>>"
C:\Users\kondr\source\repos\Radio_OOP_Kursovay\DLL\Kniga.h(8,33): warning C4251: Kniga::Rasspisanie: class "std::map<std::string,std::vector<std::string,std::allocator<std::string>>,std::less<std::string>,std::allocator<std::pair<const std::string,std::vector<std::string,std::allocator<std::string>>>>>" должен иметь dll-интерфейс для использования клиентами class "Kniga"
C:\Users\kondr\source\repos\Radio_OOP_Kursovay\DLL\Program.h(21): message : см. объявление "std::map<std::string,std::vector<std::string,std::allocator<std::string>>,std::less<std::string>,std::allocator<std::pair<const std::string,std::vector<std::string,std::allocator<std::string>>>>>"
  Music.cpp
C:\Users\kondr\source\repos\Radio_OOP_Kursovay\DLL\Program.h(18,9): warning C4251: Program::Name: class "std::basic_string<char,std::char_traits<char>,std::allocator<char>>" должен иметь dll-интерфейс для использования клиентами class "Program"
C:\Program Files (x86)\Microsoft Visual Studio\2019\Community\VC\Tools\MSVC\14.29.30133\include\xstring(4905): message : см. объявление "std::basic_string<char,std::char_traits<char>,std::allocator<char>>"
C:\Users\kondr\source\repos\Radio_OOP_Kursovay\DLL\Program.h(19,9): warning C4251: Program::Vedushi: class "std::basic_string<char,std::char_traits<char>,std::allocator<char>>" должен иметь dll-интерфейс для использования клиентами class "Program"
C:\Program Files (x86)\Microsoft Visual Studio\2019\Community\VC\Tools\MSVC\14.29.30133\include\xstring(4905): message : см. объявление "std::basic_string<char,std::char_traits<char>,std::allocator<char>>"
C:\Users\kondr\source\repos\Radio_OOP_Kursovay\DLL\Program.h(20,9): warning C4251: Program::Reiting: class "std::basic_string<char,std::char_traits<char>,std::allocator<char>>" должен иметь dll-интерфейс для использования клиентами class "Program"
C:\Program Files (x86)\Microsoft Visual Studio\2019\Community\VC\Tools\MSVC\14.29.30133\include\xstring(4905): message : см. объявление "std::basic_string<char,std::char_traits<char>,std::allocator<char>>"
C:\Users\kondr\source\repos\Radio_OOP_Kursovay\DLL\Program.h(21,33): warning C4251: Program::Rasspisanie: class "std::map<std::string,std::vector<std::string,std::allocator<std::string>>,std::less<std::string>,std::allocator<std::pair<const std::string,std::vector<std::string,std::allocator<std::string>>>>>" должен иметь dll-интерфейс для использования клиентами class "Program"
C:\Users\kondr\source\repos\Radio_OOP_Kursovay\DLL\Program.h(21): message : см. объявление "std::map<std::string,std::vector<std::string,std::allocator<std::string>>,std::less<std::string>,std::allocator<std::pair<const std::string,std::vector<std::string,std::allocator<std::string>>>>>"
C:\Users\kondr\source\repos\Radio_OOP_Kursovay\DLL\Music.h(5,9): warning C4251: Music::Name: class "std::basic_string<char,std::char_traits<char>,std::allocator<char>>" должен иметь dll-интерфейс для использования клиентами class "Music"
C:\Program Files (x86)\Microsoft Visual Studio\2019\Community\VC\Tools\MSVC\14.29.30133\include\xstring(4905): message : см. объявление "std::basic_string<char,std::char_traits<char>,std::allocator<char>>"
C:\Users\kondr\source\repos\Radio_OOP_Kursovay\DLL\Music.h(6,9): warning C4251: Music::Vedushi: class "std::basic_string<char,std::char_traits<char>,std::allocator<char>>" должен иметь dll-интерфейс для использования клиентами class "Music"
C:\Program Files (x86)\Microsoft Visual Studio\2019\Community\VC\Tools\MSVC\14.29.30133\include\xstring(4905): message : см. объявление "std::basic_string<char,std::char_traits<char>,std::allocator<char>>"
C:\Users\kondr\source\repos\Radio_OOP_Kursovay\DLL\Music.h(7,9): warning C4251: Music::Reiting: class "std::basic_string<char,std::char_traits<char>,std::allocator<char>>" должен иметь dll-интерфейс для использования клиентами class "Music"
C:\Program Files (x86)\Microsoft Visual Studio\2019\Community\VC\Tools\MSVC\14.29.30133\include\xstring(4905): message : см. объявление "std::basic_string<char,std::char_traits<char>,std::allocator<char>>"
C:\Users\kondr\source\repos\Radio_OOP_Kursovay\DLL\Music.h(8,33): warning C4251: Music::Rasspisanie: class "std::map<std::string,std::vector<std::string,std::allocator<std::string>>,std::less<std::string>,std::allocator<std::pair<const std::string,std::vector<std::string,std::allocator<std::string>>>>>" должен иметь dll-интерфейс для использования клиентами class "Music"
C:\Users\kondr\source\repos\Radio_OOP_Kursovay\DLL\Program.h(21): message : см. объявление "std::map<std::string,std::vector<std::string,std::allocator<std::string>>,std::less<std::string>,std::allocator<std::pair<const std::string,std::vector<std::string,std::allocator<std::string>>>>>"
  Novosti.cpp
C:\Users\kondr\source\repos\Radio_OOP_Kursovay\DLL\Program.h(18,9): warning C4251: Program::Name: class "std::basic_string<char,std::char_traits<char>,std::allocator<char>>" должен иметь dll-интерфейс для использования клиентами class "Program"
C:\Program Files (x86)\Microsoft Visual Studio\2019\Community\VC\Tools\MSVC\14.29.30133\include\xstring(4905): message : см. объявление "std::basic_string<char,std::char_traits<char>,std::allocator<char>>"
C:\Users\kondr\source\repos\Radio_OOP_Kursovay\DLL\Program.h(19,9): warning C4251: Program::Vedushi: class "std::basic_string<char,std::char_traits<char>,std::allocator<char>>" должен иметь dll-интерфейс для использования клиентами class "Program"
C:\Program Files (x86)\Microsoft Visual Studio\2019\Community\VC\Tools\MSVC\14.29.30133\include\xstring(4905): message : см. объявление "std::basic_string<char,std::char_traits<char>,std::allocator<char>>"
C:\Users\kondr\source\repos\Radio_OOP_Kursovay\DLL\Program.h(20,9): warning C4251: Program::Reiting: class "std::basic_string<char,std::char_traits<char>,std::allocator<char>>" должен иметь dll-интерфейс для использования клиентами class "Program"
C:\Program Files (x86)\Microsoft Visual Studio\2019\Community\VC\Tools\MSVC\14.29.30133\include\xstring(4905): message : см. объявление "std::basic_string<char,std::char_traits<char>,std::allocator<char>>"
C:\Users\kondr\source\repos\Radio_OOP_Kursovay\DLL\Program.h(21,33): warning C4251: Program::Rasspisanie: class "std::map<std::string,std::vector<std::string,std::allocator<std::string>>,std::less<std::string>,std::allocator<std::pair<const std::string,std::vector<std::string,std::allocator<std::string>>>>>" должен иметь dll-интерфейс для использования клиентами class "Program"
C:\Users\kondr\source\repos\Radio_OOP_Kursovay\DLL\Program.h(21): message : см. объявление "std::map<std::string,std::vector<std::string,std::allocator<std::string>>,std::less<std::string>,std::allocator<std::pair<const std::string,std::vector<std::string,std::allocator<std::string>>>>>"
C:\Users\kondr\source\repos\Radio_OOP_Kursovay\DLL\Novosti.h(5,9): warning C4251: Novosti::Name: class "std::basic_string<char,std::char_traits<char>,std::allocator<char>>" должен иметь dll-интерфейс для использования клиентами class "Novosti"
C:\Program Files (x86)\Microsoft Visual Studio\2019\Community\VC\Tools\MSVC\14.29.30133\include\xstring(4905): message : см. объявление "std::basic_string<char,std::char_traits<char>,std::allocator<char>>"
C:\Users\kondr\source\repos\Radio_OOP_Kursovay\DLL\Novosti.h(6,9): warning C4251: Novosti::Vedushi: class "std::basic_string<char,std::char_traits<char>,std::allocator<char>>" должен иметь dll-интерфейс для использования клиентами class "Novosti"
C:\Program Files (x86)\Microsoft Visual Studio\2019\Community\VC\Tools\MSVC\14.29.30133\include\xstring(4905): message : см. объявление "std::basic_string<char,std::char_traits<char>,std::allocator<char>>"
C:\Users\kondr\source\repos\Radio_OOP_Kursovay\DLL\Novosti.h(7,9): warning C4251: Novosti::Reiting: class "std::basic_string<char,std::char_traits<char>,std::allocator<char>>" должен иметь dll-интерфейс для использования клиентами class "Novosti"
C:\Program Files (x86)\Microsoft Visual Studio\2019\Community\VC\Tools\MSVC\14.29.30133\include\xstring(4905): message : см. объявление "std::basic_string<char,std::char_traits<char>,std::allocator<char>>"
C:\Users\kondr\source\repos\Radio_OOP_Kursovay\DLL\Novosti.h(8,33): warning C4251: Novosti::Rasspisanie: class "std::map<std::string,std::vector<std::string,std::allocator<std::string>>,std::less<std::string>,std::allocator<std::pair<const std::string,std::vector<std::string,std::allocator<std::string>>>>>" должен иметь dll-интерфейс для использования клиентами class "Novosti"
C:\Users\kondr\source\repos\Radio_OOP_Kursovay\DLL\Program.h(21): message : см. объявление "std::map<std::string,std::vector<std::string,std::allocator<std::string>>,std::less<std::string>,std::allocator<std::pair<const std::string,std::vector<std::string,std::allocator<std::string>>>>>"
  Podimniki.cpp
C:\Users\kondr\source\repos\Radio_OOP_Kursovay\DLL\Program.h(18,9): warning C4251: Program::Name: class "std::basic_string<char,std::char_traits<char>,std::allocator<char>>" должен иметь dll-интерфейс для использования клиентами class "Program"
C:\Program Files (x86)\Microsoft Visual Studio\2019\Community\VC\Tools\MSVC\14.29.30133\include\xstring(4905): message : см. объявление "std::basic_string<char,std::char_traits<char>,std::allocator<char>>"
C:\Users\kondr\source\repos\Radio_OOP_Kursovay\DLL\Program.h(19,9): warning C4251: Program::Vedushi: class "std::basic_string<char,std::char_traits<char>,std::allocator<char>>" должен иметь dll-интерфейс для использования клиентами class "Program"
C:\Program Files (x86)\Microsoft Visual Studio\2019\Community\VC\Tools\MSVC\14.29.30133\include\xstring(4905): message : см. объявление "std::basic_string<char,std::char_traits<char>,std::allocator<char>>"
C:\Users\kondr\source\repos\Radio_OOP_Kursovay\DLL\Program.h(20,9): warning C4251: Program::Reiting: class "std::basic_string<char,std::char_traits<char>,std::allocator<char>>" должен иметь dll-интерфейс для использования клиентами class "Program"
C:\Program Files (x86)\Microsoft Visual Studio\2019\Community\VC\Tools\MSVC\14.29.30133\include\xstring(4905): message : см. объявление "std::basic_string<char,std::char_traits<char>,std::allocator<char>>"
C:\Users\kondr\source\repos\Radio_OOP_Kursovay\DLL\Program.h(21,33): warning C4251: Program::Rasspisanie: class "std::map<std::string,std::vector<std::string,std::allocator<std::string>>,std::less<std::string>,std::allocator<std::pair<const std::string,std::vector<std::string,std::allocator<std::string>>>>>" должен иметь dll-интерфейс для использования клиентами class "Program"
C:\Users\kondr\source\repos\Radio_OOP_Kursovay\DLL\Program.h(21): message : см. объявление "std::map<std::string,std::vector<std::string,std::allocator<std::string>>,std::less<std::string>,std::allocator<std::pair<const std::string,std::vector<std::string,std::allocator<std::string>>>>>"
C:\Users\kondr\source\repos\Radio_OOP_Kursovay\DLL\Podimniki.h(5,9): warning C4251: Podimniki::Name: class "std::basic_string<char,std::char_traits<char>,std::allocator<char>>" должен иметь dll-интерфейс для использования клиентами class "Podimniki"
C:\Program Files (x86)\Microsoft Visual Studio\2019\Community\VC\Tools\MSVC\14.29.30133\include\xstring(4905): message : см. объявление "std::basic_string<char,std::char_traits<char>,std::allocator<char>>"
C:\Users\kondr\source\repos\Radio_OOP_Kursovay\DLL\Podimniki.h(6,9): warning C4251: Podimniki::Vedushi: class "std::basic_string<char,std::char_traits<char>,std::allocator<char>>" должен иметь dll-интерфейс для использования клиентами class "Podimniki"
C:\Program Files (x86)\Microsoft Visual Studio\2019\Community\VC\Tools\MSVC\14.29.30133\include\xstring(4905): message : см. объявление "std::basic_string<char,std::char_traits<char>,std::allocator<char>>"
C:\Users\kondr\source\repos\Radio_OOP_Kursovay\DLL\Podimniki.h(7,9): warning C4251: Podimniki::Reiting: class "std::basic_string<char,std::char_traits<char>,std::allocator<char>>" должен иметь dll-интерфейс для использования клиентами class "Podimniki"
C:\Program Files (x86)\Microsoft Visual Studio\2019\Community\VC\Tools\MSVC\14.29.30133\include\xstring(4905): message : см. объявление "std::basic_string<char,std::char_traits<char>,std::allocator<char>>"
C:\Users\kondr\source\repos\Radio_OOP_Kursovay\DLL\Podimniki.h(8,33): warning C4251: Podimniki::Rasspisanie: class "std::map<std::string,std::vector<std::string,std::allocator<std::string>>,std::less<std::string>,std::allocator<std::pair<const std::string,std::vector<std::string,std::allocator<std::string>>>>>" должен иметь dll-интерфейс для использования клиентами class "Podimniki"
C:\Users\kondr\source\repos\Radio_OOP_Kursovay\DLL\Program.h(21): message : см. объявление "std::map<std::string,std::vector<std::string,std::allocator<std::string>>,std::less<std::string>,std::allocator<std::pair<const std::string,std::vector<std::string,std::allocator<std::string>>>>>"
  Program.cpp
C:\Users\kondr\source\repos\Radio_OOP_Kursovay\DLL\Program.h(18,9): warning C4251: Program::Name: class "std::basic_string<char,std::char_traits<char>,std::allocator<char>>" должен иметь dll-интерфейс для использования клиентами class "Program"
C:\Program Files (x86)\Microsoft Visual Studio\2019\Community\VC\Tools\MSVC\14.29.30133\include\xstring(4905): message : см. объявление "std::basic_string<char,std::char_traits<char>,std::allocator<char>>"
C:\Users\kondr\source\repos\Radio_OOP_Kursovay\DLL\Program.h(19,9): warning C4251: Program::Vedushi: class "std::basic_string<char,std::char_traits<char>,std::allocator<char>>" должен иметь dll-интерфейс для использования клиентами class "Program"
C:\Program Files (x86)\Microsoft Visual Studio\2019\Community\VC\Tools\MSVC\14.29.30133\include\xstring(4905): message : см. объявление "std::basic_string<char,std::char_traits<char>,std::allocator<char>>"
C:\Users\kondr\source\repos\Radio_OOP_Kursovay\DLL\Program.h(20,9): warning C4251: Program::Reiting: class "std::basic_string<char,std::char_traits<char>,std::allocator<char>>" должен иметь dll-интерфейс для использования клиентами class "Program"
C:\Program Files (x86)\Microsoft Visual Studio\2019\Community\VC\Tools\MSVC\14.29.30133\include\xstring(4905): message : см. объявление "std::basic_string<char,std::char_traits<char>,std::allocator<char>>"
C:\Users\kondr\source\repos\Radio_OOP_Kursovay\DLL\Program.h(21,33): warning C4251: Program::Rasspisanie: class "std::map<std::string,std::vector<std::string,std::allocator<std::string>>,std::less<std::string>,std::allocator<std::pair<const std::string,std::vector<std::string,std::allocator<std::string>>>>>" должен иметь dll-интерфейс для использования клиентами class "Program"
C:\Users\kondr\source\repos\Radio_OOP_Kursovay\DLL\Program.h(21): message : см. объявление "std::map<std::string,std::vector<std::string,std::allocator<std::string>>,std::less<std::string>,std::allocator<std::pair<const std::string,std::vector<std::string,std::allocator<std::string>>>>>"
  Sport.cpp
C:\Users\kondr\source\repos\Radio_OOP_Kursovay\DLL\Program.h(18,9): warning C4251: Program::Name: class "std::basic_string<char,std::char_traits<char>,std::allocator<char>>" должен иметь dll-интерфейс для использования клиентами class "Program"
C:\Program Files (x86)\Microsoft Visual Studio\2019\Community\VC\Tools\MSVC\14.29.30133\include\xstring(4905): message : см. объявление "std::basic_string<char,std::char_traits<char>,std::allocator<char>>"
C:\Users\kondr\source\repos\Radio_OOP_Kursovay\DLL\Program.h(19,9): warning C4251: Program::Vedushi: class "std::basic_string<char,std::char_traits<char>,std::allocator<char>>" должен иметь dll-интерфейс для использования клиентами class "Program"
C:\Program Files (x86)\Microsoft Visual Studio\2019\Community\VC\Tools\MSVC\14.29.30133\include\xstring(4905): message : см. объявление "std::basic_string<char,std::char_traits<char>,std::allocator<char>>"
C:\Users\kondr\source\repos\Radio_OOP_Kursovay\DLL\Program.h(20,9): warning C4251: Program::Reiting: class "std::basic_string<char,std::char_traits<char>,std::allocator<char>>" должен иметь dll-интерфейс для использования клиентами class "Program"
C:\Program Files (x86)\Microsoft Visual Studio\2019\Community\VC\Tools\MSVC\14.29.30133\include\xstring(4905): message : см. объявление "std::basic_string<char,std::char_traits<char>,std::allocator<char>>"
C:\Users\kondr\source\repos\Radio_OOP_Kursovay\DLL\Program.h(21,33): warning C4251: Program::Rasspisanie: class "std::map<std::string,std::vector<std::string,std::allocator<std::string>>,std::less<std::string>,std::allocator<std::pair<const std::string,std::vector<std::string,std::allocator<std::string>>>>>" должен иметь dll-интерфейс для использования клиентами class "Program"
C:\Users\kondr\source\repos\Radio_OOP_Kursovay\DLL\Program.h(21): message : см. объявление "std::map<std::string,std::vector<std::string,std::allocator<std::string>>,std::less<std::string>,std::allocator<std::pair<const std::string,std::vector<std::string,std::allocator<std::string>>>>>"
C:\Users\kondr\source\repos\Radio_OOP_Kursovay\DLL\Sport.h(5,9): warning C4251: Sport::Name: class "std::basic_string<char,std::char_traits<char>,std::allocator<char>>" должен иметь dll-интерфейс для использования клиентами class "Sport"
C:\Program Files (x86)\Microsoft Visual Studio\2019\Community\VC\Tools\MSVC\14.29.30133\include\xstring(4905): message : см. объявление "std::basic_string<char,std::char_traits<char>,std::allocator<char>>"
C:\Users\kondr\source\repos\Radio_OOP_Kursovay\DLL\Sport.h(6,9): warning C4251: Sport::Vedushi: class "std::basic_string<char,std::char_traits<char>,std::allocator<char>>" должен иметь dll-интерфейс для использования клиентами class "Sport"
C:\Program Files (x86)\Microsoft Visual Studio\2019\Community\VC\Tools\MSVC\14.29.30133\include\xstring(4905): message : см. объявление "std::basic_string<char,std::char_traits<char>,std::allocator<char>>"
C:\Users\kondr\source\repos\Radio_OOP_Kursovay\DLL\Sport.h(7,9): warning C4251: Sport::Reiting: class "std::basic_string<char,std::char_traits<char>,std::allocator<char>>" должен иметь dll-интерфейс для использования клиентами class "Sport"
C:\Program Files (x86)\Microsoft Visual Studio\2019\Community\VC\Tools\MSVC\14.29.30133\include\xstring(4905): message : см. объявление "std::basic_string<char,std::char_traits<char>,std::allocator<char>>"
C:\Users\kondr\source\repos\Radio_OOP_Kursovay\DLL\Sport.h(8,33): warning C4251: Sport::Rasspisanie: class "std::map<std::string,std::vector<std::string,std::allocator<std::string>>,std::less<std::string>,std::allocator<std::pair<const std::string,std::vector<std::string,std::allocator<std::string>>>>>" должен иметь dll-интерфейс для использования клиентами class "Sport"
C:\Users\kondr\source\repos\Radio_OOP_Kursovay\DLL\Program.h(21): message : см. объявление "std::map<std::string,std::vector<std::string,std::allocator<std::string>>,std::less<std::string>,std::allocator<std::pair<const std::string,std::vector<std::string,std::allocator<std::string>>>>>"
  Zvezdniyvopros.cpp
C:\Users\kondr\source\repos\Radio_OOP_Kursovay\DLL\Program.h(18,9): warning C4251: Program::Name: class "std::basic_string<char,std::char_traits<char>,std::allocator<char>>" должен иметь dll-интерфейс для использования клиентами class "Program"
C:\Program Files (x86)\Microsoft Visual Studio\2019\Community\VC\Tools\MSVC\14.29.30133\include\xstring(4905): message : см. объявление "std::basic_string<char,std::char_traits<char>,std::allocator<char>>"
C:\Users\kondr\source\repos\Radio_OOP_Kursovay\DLL\Program.h(19,9): warning C4251: Program::Vedushi: class "std::basic_string<char,std::char_traits<char>,std::allocator<char>>" должен иметь dll-интерфейс для использования клиентами class "Program"
C:\Program Files (x86)\Microsoft Visual Studio\2019\Community\VC\Tools\MSVC\14.29.30133\include\xstring(4905): message : см. объявление "std::basic_string<char,std::char_traits<char>,std::allocator<char>>"
C:\Users\kondr\source\repos\Radio_OOP_Kursovay\DLL\Program.h(20,9): warning C4251: Program::Reiting: class "std::basic_string<char,std::char_traits<char>,std::allocator<char>>" должен иметь dll-интерфейс для использования клиентами class "Program"
C:\Program Files (x86)\Microsoft Visual Studio\2019\Community\VC\Tools\MSVC\14.29.30133\include\xstring(4905): message : см. объявление "std::basic_string<char,std::char_traits<char>,std::allocator<char>>"
C:\Users\kondr\source\repos\Radio_OOP_Kursovay\DLL\Program.h(21,33): warning C4251: Program::Rasspisanie: class "std::map<std::string,std::vector<std::string,std::allocator<std::string>>,std::less<std::string>,std::allocator<std::pair<const std::string,std::vector<std::string,std::allocator<std::string>>>>>" должен иметь dll-интерфейс для использования клиентами class "Program"
C:\Users\kondr\source\repos\Radio_OOP_Kursovay\DLL\Program.h(21): message : см. объявление "std::map<std::string,std::vector<std::string,std::allocator<std::string>>,std::less<std::string>,std::allocator<std::pair<const std::string,std::vector<std::string,std::allocator<std::string>>>>>"
C:\Users\kondr\source\repos\Radio_OOP_Kursovay\DLL\Zvezdniyvopros.h(5,9): warning C4251: Zvezdniyvopros::Name: class "std::basic_string<char,std::char_traits<char>,std::allocator<char>>" должен иметь dll-интерфейс для использования клиентами class "Zvezdniyvopros"
C:\Program Files (x86)\Microsoft Visual Studio\2019\Community\VC\Tools\MSVC\14.29.30133\include\xstring(4905): message : см. объявление "std::basic_string<char,std::char_traits<char>,std::allocator<char>>"
C:\Users\kondr\source\repos\Radio_OOP_Kursovay\DLL\Zvezdniyvopros.h(6,9): warning C4251: Zvezdniyvopros::Vedushi: class "std::basic_string<char,std::char_traits<char>,std::allocator<char>>" должен иметь dll-интерфейс для использования клиентами class "Zvezdniyvopros"
C:\Program Files (x86)\Microsoft Visual Studio\2019\Community\VC\Tools\MSVC\14.29.30133\include\xstring(4905): message : см. объявление "std::basic_string<char,std::char_traits<char>,std::allocator<char>>"
C:\Users\kondr\source\repos\Radio_OOP_Kursovay\DLL\Zvezdniyvopros.h(7,9): warning C4251: Zvezdniyvopros::Reiting: class "std::basic_string<char,std::char_traits<char>,std::allocator<char>>" должен иметь dll-интерфейс для использования клиентами class "Zvezdniyvopros"
C:\Program Files (x86)\Microsoft Visual Studio\2019\Community\VC\Tools\MSVC\14.29.30133\include\xstring(4905): message : см. объявление "std::basic_string<char,std::char_traits<char>,std::allocator<char>>"
C:\Users\kondr\source\repos\Radio_OOP_Kursovay\DLL\Zvezdniyvopros.h(8,33): warning C4251: Zvezdniyvopros::Rasspisanie: class "std::map<std::string,std::vector<std::string,std::allocator<std::string>>,std::less<std::string>,std::allocator<std::pair<const std::string,std::vector<std::string,std::allocator<std::string>>>>>" должен иметь dll-интерфейс для использования клиентами class "Zvezdniyvopros"
C:\Users\kondr\source\repos\Radio_OOP_Kursovay\DLL\Program.h(21): message : см. объявление "std::map<std::string,std::vector<std::string,std::allocator<std::string>>,std::less<std::string>,std::allocator<std::pair<const std::string,std::vector<std::string,std::allocator<std::string>>>>>"
  Создание кода...
C:\Users\kondr\source\repos\Radio_OOP_Kursovay\DLL\DB.cpp(68): warning C4715: DB::operator=: значение возвращается не при всех путях выполнения
     Создается библиотека ..\bin\DLL.lib и объект ..\bin\DLL.exp
  DLL.vcxproj -> C:\Users\kondr\source\repos\Radio_OOP_Kursovay\bin\DLL.dll
