c:\users\kondr\source\repos\radio_oop_kursovay\dll\x64\debug\vc142.pdb
c:\users\kondr\source\repos\radio_oop_kursovay\dll\x64\debug\vc142.idb
c:\users\kondr\source\repos\radio_oop_kursovay\dll\x64\debug\zvezdniyvopros.obj
c:\users\kondr\source\repos\radio_oop_kursovay\dll\x64\debug\sport.obj
c:\users\kondr\source\repos\radio_oop_kursovay\dll\x64\debug\program.obj
c:\users\kondr\source\repos\radio_oop_kursovay\dll\x64\debug\podimniki.obj
c:\users\kondr\source\repos\radio_oop_kursovay\dll\x64\debug\novosti.obj
c:\users\kondr\source\repos\radio_oop_kursovay\dll\x64\debug\music.obj
c:\users\kondr\source\repos\radio_oop_kursovay\dll\x64\debug\kniga.obj
c:\users\kondr\source\repos\radio_oop_kursovay\dll\x64\debug\dllmain.obj
c:\users\kondr\source\repos\radio_oop_kursovay\dll\x64\debug\dll.obj
c:\users\kondr\source\repos\radio_oop_kursovay\dll\x64\debug\db.obj
c:\users\kondr\source\repos\radio_oop_kursovay\dll\x64\debug\classika.obj
c:\users\kondr\source\repos\radio_oop_kursovay\bin\dll.lib
c:\users\kondr\source\repos\radio_oop_kursovay\bin\dll.exp
c:\users\kondr\source\repos\radio_oop_kursovay\dll\x64\debug\dll.ilk
c:\users\kondr\source\repos\radio_oop_kursovay\bin\dll.dll
c:\users\kondr\source\repos\radio_oop_kursovay\bin\dll.pdb
c:\users\kondr\source\repos\radio_oop_kursovay\dll\x64\debug\dll.tlog\cl.command.1.tlog
c:\users\kondr\source\repos\radio_oop_kursovay\dll\x64\debug\dll.tlog\cl.read.1.tlog
c:\users\kondr\source\repos\radio_oop_kursovay\dll\x64\debug\dll.tlog\cl.write.1.tlog
c:\users\kondr\source\repos\radio_oop_kursovay\dll\x64\debug\dll.tlog\dll.write.1u.tlog
c:\users\kondr\source\repos\radio_oop_kursovay\dll\x64\debug\dll.tlog\link.command.1.tlog
c:\users\kondr\source\repos\radio_oop_kursovay\dll\x64\debug\dll.tlog\link.read.1.tlog
c:\users\kondr\source\repos\radio_oop_kursovay\dll\x64\debug\dll.tlog\link.write.1.tlog
